Using pre-set license
Built from '2020.3/staging' branch; Version is '2020.3.3f1 (76626098c1c4) revision 7758432'; Using compiler version '192528614'; Build Type 'Release'
OS: 'Windows 10 Enterprise 2016 LTSB; OS build 14393.4350; Version 1607; 64bit' Language: 'ru' Physical Memory: 8136 MB
BatchMode: 1, IsHumanControllingUs: 0, StartBugReporterOnCrash: 0, Is64bit: 1, IsPro: 0

 COMMAND LINE ARGUMENTS:
C:\Program Files\Unity\Hub\Editor\2020.3.3f1\Editor\Unity.exe
-adb2
-batchMode
-noUpm
-name
AssetImportWorker0
-projectPath
C:/Users/JackRayder/Desktop/valkyrie-labyrinth
-logFile
Logs/AssetImportWorker0.log
-srvPort
63137
Successfully changed project path to: C:/Users/JackRayder/Desktop/valkyrie-labyrinth
C:/Users/JackRayder/Desktop/valkyrie-labyrinth
Using Asset Import Pipeline V2.
Refreshing native plugins compatible for Editor in 38.85 ms, found 0 plugins.
Preloading 0 native plugins for Editor in 0.00 ms.
Initialize engine version: 2020.3.3f1 (76626098c1c4)
[Subsystems] Discovering subsystems at path C:/Program Files/Unity/Hub/Editor/2020.3.3f1/Editor/Data/Resources/UnitySubsystems
[Subsystems] Discovering subsystems at path C:/Users/JackRayder/Desktop/valkyrie-labyrinth/Assets
GfxDevice: creating device client; threaded=0
Direct3D:
    Version:  Direct3D 11.0 [level 11.1]
    Renderer: NVIDIA GeForce GTX 1050 Ti (ID=0x1c82)
    Vendor:   
    VRAM:     4020 MB
    Driver:   27.21.14.6627
Initialize mono
Mono path[0] = 'C:/Program Files/Unity/Hub/Editor/2020.3.3f1/Editor/Data/Managed'
Mono path[1] = 'C:/Program Files/Unity/Hub/Editor/2020.3.3f1/Editor/Data/MonoBleedingEdge/lib/mono/unityjit'
Mono config path = 'C:/Program Files/Unity/Hub/Editor/2020.3.3f1/Editor/Data/MonoBleedingEdge/etc'
Using monoOptions --debugger-agent=transport=dt_socket,embedding=1,server=y,suspend=n,address=127.0.0.1:56876
Begin MonoManager ReloadAssembly
Registering precompiled unity dll's ...
Register platform support module: C:/Program Files/Unity/Hub/Editor/2020.3.3f1/Editor/Data/PlaybackEngines/WindowsStandaloneSupport/UnityEditor.WindowsStandalone.Extensions.dll
Registered in 0.001026 seconds.
Native extension for WindowsStandalone target not found
Refreshing native plugins compatible for Editor in 43.36 ms, found 0 plugins.
Preloading 0 native plugins for Editor in 0.00 ms.
Invoked RoslynAnalysisRunner static constructor.
RoslynAnalysisRunner will not be running.
RoslynAnalysisRunner has terminated.
Mono: successfully reloaded assembly
- Completed reload, in  1.803 seconds
Platform modules already initialized, skipping
Registering precompiled user dll's ...
Registered in 0.000702 seconds.
Begin MonoManager ReloadAssembly
Native extension for WindowsStandalone target not found
Refreshing native plugins compatible for Editor in 0.35 ms, found 0 plugins.
Preloading 0 native plugins for Editor in 0.00 ms.
Invoked RoslynAnalysisRunner static constructor.
RoslynAnalysisRunner will not be running.
RoslynAnalysisRunner has terminated.
Mono: successfully reloaded assembly
- Completed reload, in  0.955 seconds
Platform modules already initialized, skipping
========================================================================
Worker process is ready to serve import requests
Launched and connected shader compiler UnityShaderCompiler.exe after 0.02 seconds
Refreshing native plugins compatible for Editor in 0.34 ms, found 0 plugins.
Preloading 0 native plugins for Editor in 0.00 ms.
Unloading 1250 Unused Serialized files (Serialized files now loaded: 0)
System memory in use before: 70.3 MB.
System memory in use after: 70.0 MB.

Unloading 12 unused Assets to reduce memory usage. Loaded Objects now: 1696.
Total: 2.647352 ms (FindLiveObjects: 0.201279 ms CreateObjectMapping: 0.346879 ms MarkObjects: 1.695035 ms  DeleteObjects: 0.402559 ms)

========================================================================
Received Import Request.
  path: Assets/Scenes/SampleScene.unity
  artifactKey: Guid(9fc0d4010bbf28b4594072e72b8655ab) Importer(815301076,1909f56bfc062723c751e8b465ee728b)
Start importing Assets/Scenes/SampleScene.unity using Guid(9fc0d4010bbf28b4594072e72b8655ab) Importer(815301076,1909f56bfc062723c751e8b465ee728b)  -> (artifact id: 'efde56131555b4137e5412e3b4a46d4b') in 0.015579 seconds
  Import took 0.018470 seconds .

========================================================================
Received Import Request.
  Time since last request: 44.017801 seconds.
  path: Assets/Prefabs/Cube.prefab
  artifactKey: Guid(3534a95dc8fb6ae40991afa089dc6dfc) Importer(815301076,1909f56bfc062723c751e8b465ee728b)
Start importing Assets/Prefabs/Cube.prefab using Guid(3534a95dc8fb6ae40991afa089dc6dfc) Importer(815301076,1909f56bfc062723c751e8b465ee728b)  -> (artifact id: 'ad94f0f4774cf8ae85119390c9400bf2') in 0.119508 seconds
  Import took 0.124550 seconds .

========================================================================
Received Import Request.
  Time since last request: 0.000272 seconds.
  path: Assets/Prefabs/Plane.prefab
  artifactKey: Guid(2d758321c17f1654a96ef82be5b67bf7) Importer(815301076,1909f56bfc062723c751e8b465ee728b)
Start importing Assets/Prefabs/Plane.prefab using Guid(2d758321c17f1654a96ef82be5b67bf7) Importer(815301076,1909f56bfc062723c751e8b465ee728b)  -> (artifact id: 'b6ee935e6935ee6c9c66ce7d5ec35658') in 0.034854 seconds
  Import took 0.038426 seconds .

========================================================================
Received Import Request.
  Time since last request: 2.790030 seconds.
  path: Assets/Materials/Blue.mat
  artifactKey: Guid(4420b09a7d82cb64ca38406ffd342dc7) Importer(815301076,1909f56bfc062723c751e8b465ee728b)
Start importing Assets/Materials/Blue.mat using Guid(4420b09a7d82cb64ca38406ffd342dc7) Importer(815301076,1909f56bfc062723c751e8b465ee728b)  -> (artifact id: 'f26c4a9b41a8511f1badaabd68bfb0ac') in 0.037339 seconds
  Import took 0.040989 seconds .

========================================================================
Received Import Request.
  Time since last request: 0.000248 seconds.
  path: Assets/Materials/Yellow.mat
  artifactKey: Guid(dabadf21968160841a87d100f1458813) Importer(815301076,1909f56bfc062723c751e8b465ee728b)
Start importing Assets/Materials/Yellow.mat using Guid(dabadf21968160841a87d100f1458813) Importer(815301076,1909f56bfc062723c751e8b465ee728b)  -> (artifact id: '01457c95fd26bff9b2b48129246fbe21') in 0.018595 seconds
  Import took 0.021934 seconds .

========================================================================
Received Import Request.
  Time since last request: 15.559749 seconds.
  path: Assets/Scenes
  artifactKey: Guid(e6d9268d82a653148849d359b635e5ca) Importer(815301076,1909f56bfc062723c751e8b465ee728b)
Start importing Assets/Scenes using Guid(e6d9268d82a653148849d359b635e5ca) Importer(815301076,1909f56bfc062723c751e8b465ee728b)  -> (artifact id: 'dbc234c146ca134f9720ac8679e8dde2') in 0.012674 seconds
  Import took 0.018232 seconds .

========================================================================
Received Prepare
Registering precompiled user dll's ...
Registered in 0.001013 seconds.
Begin MonoManager ReloadAssembly
Native extension for WindowsStandalone target not found
Refreshing native plugins compatible for Editor in 0.48 ms, found 0 plugins.
Preloading 0 native plugins for Editor in 0.00 ms.
Invoked RoslynAnalysisRunner static constructor.
RoslynAnalysisRunner will not be running.
RoslynAnalysisRunner has terminated.
Mono: successfully reloaded assembly
- Completed reload, in  0.920 seconds
Platform modules already initialized, skipping
Refreshing native plugins compatible for Editor in 0.41 ms, found 0 plugins.
Preloading 0 native plugins for Editor in 0.00 ms.
Unloading 1226 Unused Serialized files (Serialized files now loaded: 0)
System memory in use before: 71.7 MB.
System memory in use after: 71.4 MB.

Unloading 8 unused Assets to reduce memory usage. Loaded Objects now: 1741.
Total: 2.162873 ms (FindLiveObjects: 0.163199 ms CreateObjectMapping: 0.050880 ms MarkObjects: 1.587835 ms  DeleteObjects: 0.359999 ms)

========================================================================
Received Import Request.
  Time since last request: 159.108958 seconds.
  path: Assets/Scenes/ControllerScene.unity
  artifactKey: Guid(5eba406fe54cd5f4db6013c3f02b6462) Importer(815301076,1909f56bfc062723c751e8b465ee728b)
Start importing Assets/Scenes/ControllerScene.unity using Guid(5eba406fe54cd5f4db6013c3f02b6462) Importer(815301076,1909f56bfc062723c751e8b465ee728b)  -> (artifact id: 'a68af249f50e9244a4040e999d17de71') in 0.023228 seconds
  Import took 0.027466 seconds .

========================================================================
Received Prepare
Registering precompiled user dll's ...
Registered in 0.000652 seconds.
Begin MonoManager ReloadAssembly
Native extension for WindowsStandalone target not found
Refreshing native plugins compatible for Editor in 0.34 ms, found 0 plugins.
Preloading 0 native plugins for Editor in 0.00 ms.
Invoked RoslynAnalysisRunner static constructor.
RoslynAnalysisRunner will not be running.
RoslynAnalysisRunner has terminated.
Mono: successfully reloaded assembly
- Completed reload, in  0.907 seconds
Platform modules already initialized, skipping
Refreshing native plugins compatible for Editor in 0.36 ms, found 0 plugins.
Preloading 0 native plugins for Editor in 0.00 ms.
Unloading 1226 Unused Serialized files (Serialized files now loaded: 0)
System memory in use before: 71.7 MB.
System memory in use after: 71.4 MB.

Unloading 7 unused Assets to reduce memory usage. Loaded Objects now: 1744.
Total: 2.461112 ms (FindLiveObjects: 0.151680 ms CreateObjectMapping: 0.052480 ms MarkObjects: 1.730234 ms  DeleteObjects: 0.526078 ms)

AssetImportWorkerClient::OnTransportError - code=2 error=End of file
