Using pre-set license
Built from '2020.3/staging' branch; Version is '2020.3.3f1 (76626098c1c4) revision 7758432'; Using compiler version '192528614'; Build Type 'Release'
OS: 'Windows 10 Enterprise 2016 LTSB; OS build 14393.4350; Version 1607; 64bit' Language: 'ru' Physical Memory: 8136 MB
BatchMode: 1, IsHumanControllingUs: 0, StartBugReporterOnCrash: 0, Is64bit: 1, IsPro: 0

 COMMAND LINE ARGUMENTS:
C:\Program Files\Unity\Hub\Editor\2020.3.3f1\Editor\Unity.exe
-adb2
-batchMode
-noUpm
-name
AssetImportWorker0
-projectPath
C:/Users/JackRayder/Desktop/valkyrie-labyrinth
-logFile
Logs/AssetImportWorker0.log
-srvPort
60513
Successfully changed project path to: C:/Users/JackRayder/Desktop/valkyrie-labyrinth
C:/Users/JackRayder/Desktop/valkyrie-labyrinth
Using Asset Import Pipeline V2.
Refreshing native plugins compatible for Editor in 35.09 ms, found 0 plugins.
Preloading 0 native plugins for Editor in 0.00 ms.
Initialize engine version: 2020.3.3f1 (76626098c1c4)
[Subsystems] Discovering subsystems at path C:/Program Files/Unity/Hub/Editor/2020.3.3f1/Editor/Data/Resources/UnitySubsystems
[Subsystems] Discovering subsystems at path C:/Users/JackRayder/Desktop/valkyrie-labyrinth/Assets
GfxDevice: creating device client; threaded=0
Direct3D:
    Version:  Direct3D 11.0 [level 11.1]
    Renderer: NVIDIA GeForce GTX 1050 Ti (ID=0x1c82)
    Vendor:   
    VRAM:     4020 MB
    Driver:   27.21.14.6627
Initialize mono
Mono path[0] = 'C:/Program Files/Unity/Hub/Editor/2020.3.3f1/Editor/Data/Managed'
Mono path[1] = 'C:/Program Files/Unity/Hub/Editor/2020.3.3f1/Editor/Data/MonoBleedingEdge/lib/mono/unityjit'
Mono config path = 'C:/Program Files/Unity/Hub/Editor/2020.3.3f1/Editor/Data/MonoBleedingEdge/etc'
Using monoOptions --debugger-agent=transport=dt_socket,embedding=1,server=y,suspend=n,address=127.0.0.1:56452
Begin MonoManager ReloadAssembly
Registering precompiled unity dll's ...
Register platform support module: C:/Program Files/Unity/Hub/Editor/2020.3.3f1/Editor/Data/PlaybackEngines/WindowsStandaloneSupport/UnityEditor.WindowsStandalone.Extensions.dll
Registered in 0.000950 seconds.
Native extension for WindowsStandalone target not found
Refreshing native plugins compatible for Editor in 37.08 ms, found 0 plugins.
Preloading 0 native plugins for Editor in 0.00 ms.
Invoked RoslynAnalysisRunner static constructor.
RoslynAnalysisRunner will not be running.
RoslynAnalysisRunner has terminated.
Mono: successfully reloaded assembly
- Completed reload, in  1.891 seconds
Platform modules already initialized, skipping
Registering precompiled user dll's ...
Registered in 0.000764 seconds.
Begin MonoManager ReloadAssembly
Native extension for WindowsStandalone target not found
Refreshing native plugins compatible for Editor in 0.32 ms, found 0 plugins.
Preloading 0 native plugins for Editor in 0.00 ms.
Invoked RoslynAnalysisRunner static constructor.
RoslynAnalysisRunner will not be running.
RoslynAnalysisRunner has terminated.
Mono: successfully reloaded assembly
- Completed reload, in  0.933 seconds
Platform modules already initialized, skipping
========================================================================
Worker process is ready to serve import requests
Launched and connected shader compiler UnityShaderCompiler.exe after 0.03 seconds
Refreshing native plugins compatible for Editor in 0.58 ms, found 0 plugins.
Preloading 0 native plugins for Editor in 0.00 ms.
Unloading 1245 Unused Serialized files (Serialized files now loaded: 0)
System memory in use before: 68.9 MB.
System memory in use after: 68.5 MB.

Unloading 12 unused Assets to reduce memory usage. Loaded Objects now: 1691.
Total: 3.284149 ms (FindLiveObjects: 0.253439 ms CreateObjectMapping: 0.115520 ms MarkObjects: 2.410232 ms  DeleteObjects: 0.503038 ms)

========================================================================
Received Import Request.
  path: Assets/Standard Assets/Utility
  artifactKey: Guid(4539eb30e895bbb41b5eae6df2dde978) Importer(815301076,1909f56bfc062723c751e8b465ee728b)
Start importing Assets/Standard Assets/Utility using Guid(4539eb30e895bbb41b5eae6df2dde978) Importer(815301076,1909f56bfc062723c751e8b465ee728b)  -> (artifact id: '27f02b2c917efd2d28d9a81f83979e11') in 0.012030 seconds
  Import took 0.015811 seconds .

========================================================================
Received Import Request.
  Time since last request: 10.366560 seconds.
  path: Assets/Standard Assets/Utility/SimpleActivatorMenu.cs
  artifactKey: Guid(69b69a5b0e0a85b4aa97a7edc40c37d1) Importer(815301076,1909f56bfc062723c751e8b465ee728b)
Start importing Assets/Standard Assets/Utility/SimpleActivatorMenu.cs using Guid(69b69a5b0e0a85b4aa97a7edc40c37d1) Importer(815301076,1909f56bfc062723c751e8b465ee728b)  -> (artifact id: '64c5b599ff1f245125663ef16820fe3f') in 0.025312 seconds
  Import took 0.028502 seconds .

========================================================================
Received Prepare
Registering precompiled user dll's ...
Registered in 0.000568 seconds.
Begin MonoManager ReloadAssembly
Native extension for WindowsStandalone target not found
Refreshing native plugins compatible for Editor in 0.36 ms, found 0 plugins.
Preloading 0 native plugins for Editor in 0.00 ms.
[ScriptCompilation] NOT recompiling all scripts because this is an import worker process. Reason to compile was: Define symbols changed
Invoked RoslynAnalysisRunner static constructor.
RoslynAnalysisRunner will not be running.
RoslynAnalysisRunner has terminated.
Mono: successfully reloaded assembly
- Completed reload, in  0.878 seconds
Platform modules already initialized, skipping
Refreshing native plugins compatible for Editor in 0.41 ms, found 0 plugins.
Preloading 0 native plugins for Editor in 0.00 ms.
Unloading 1220 Unused Serialized files (Serialized files now loaded: 0)
System memory in use before: 67.0 MB.
System memory in use after: 66.7 MB.

Unloading 8 unused Assets to reduce memory usage. Loaded Objects now: 1693.
Total: 3.288629 ms (FindLiveObjects: 0.229439 ms CreateObjectMapping: 0.121920 ms MarkObjects: 2.346552 ms  DeleteObjects: 0.589438 ms)

========================================================================
Received Import Request.
  Time since last request: 23.799245 seconds.
  path: Assets/Standard Assets/Characters
  artifactKey: Guid(8c32f58513a41ef4dab9cb7704c5fb92) Importer(815301076,1909f56bfc062723c751e8b465ee728b)
Start importing Assets/Standard Assets/Characters using Guid(8c32f58513a41ef4dab9cb7704c5fb92) Importer(815301076,1909f56bfc062723c751e8b465ee728b)  -> (artifact id: 'f1af78f8669e08392bfbbbf5fab0cc57') in 0.009715 seconds
  Import took 0.012829 seconds .

========================================================================
Received Import Request.
  Time since last request: 0.006265 seconds.
  path: Assets/Standard Assets/Characters
  artifactKey: Guid(8c32f58513a41ef4dab9cb7704c5fb92) Importer(815301076,1909f56bfc062723c751e8b465ee728b)
Start importing Assets/Standard Assets/Characters using Guid(8c32f58513a41ef4dab9cb7704c5fb92) Importer(815301076,1909f56bfc062723c751e8b465ee728b)  -> (artifact id: 'f1af78f8669e08392bfbbbf5fab0cc57') in 0.005723 seconds
  Import took 0.008851 seconds .

========================================================================
Received Import Request.
  Time since last request: 0.927939 seconds.
  path: Assets/Standard Assets/Characters/FirstPersonCharacter
  artifactKey: Guid(943e057eaae705e43b9e9b2e53d6adb0) Importer(815301076,1909f56bfc062723c751e8b465ee728b)
Start importing Assets/Standard Assets/Characters/FirstPersonCharacter using Guid(943e057eaae705e43b9e9b2e53d6adb0) Importer(815301076,1909f56bfc062723c751e8b465ee728b)  -> (artifact id: 'b0f523ca3638bc160dae058470f28d83') in 0.004848 seconds
  Import took 0.008360 seconds .

========================================================================
Received Import Request.
  Time since last request: 1.500388 seconds.
  path: Assets/Standard Assets/Characters/FirstPersonCharacter/Prefabs
  artifactKey: Guid(0bfb2599080d5d24e84362b4ae314ae7) Importer(815301076,1909f56bfc062723c751e8b465ee728b)
Start importing Assets/Standard Assets/Characters/FirstPersonCharacter/Prefabs using Guid(0bfb2599080d5d24e84362b4ae314ae7) Importer(815301076,1909f56bfc062723c751e8b465ee728b)  -> (artifact id: 'c9cce6deaa2c5ebd5c5166067a1536d5') in 0.004596 seconds
  Import took 0.007993 seconds .

========================================================================
Received Import Request.
  Time since last request: 0.059971 seconds.
  path: Assets/Standard Assets/Characters/FirstPersonCharacter/Prefabs/FPSController.prefab
  artifactKey: Guid(5e9e851c0e142814dac026a256ba2ac0) Importer(815301076,1909f56bfc062723c751e8b465ee728b)
Start importing Assets/Standard Assets/Characters/FirstPersonCharacter/Prefabs/FPSController.prefab using Guid(5e9e851c0e142814dac026a256ba2ac0) Importer(815301076,1909f56bfc062723c751e8b465ee728b)  -> (artifact id: 'e272572f2197354aa2245cb44ded7974') in 0.040569 seconds
  Import took 0.044105 seconds .

========================================================================
Received Import Request.
  Time since last request: 0.000332 seconds.
  path: Assets/Standard Assets/Characters/FirstPersonCharacter/Prefabs/RigidBodyFPSController.prefab
  artifactKey: Guid(c6453f8e1f814744d8b94e5a6d1f9942) Importer(815301076,1909f56bfc062723c751e8b465ee728b)
Start importing Assets/Standard Assets/Characters/FirstPersonCharacter/Prefabs/RigidBodyFPSController.prefab using Guid(c6453f8e1f814744d8b94e5a6d1f9942) Importer(815301076,1909f56bfc062723c751e8b465ee728b)  -> (artifact id: 'ff03e3b33608eb4cd21ed72971a33c06') in 0.009815 seconds
  Import took 0.014851 seconds .

========================================================================
Received Prepare
Registering precompiled user dll's ...
Registered in 0.000614 seconds.
Begin MonoManager ReloadAssembly
Native extension for WindowsStandalone target not found
Refreshing native plugins compatible for Editor in 0.41 ms, found 0 plugins.
Preloading 0 native plugins for Editor in 0.00 ms.
Invoked RoslynAnalysisRunner static constructor.
RoslynAnalysisRunner will not be running.
RoslynAnalysisRunner has terminated.
Mono: successfully reloaded assembly
- Completed reload, in  0.874 seconds
Platform modules already initialized, skipping
Refreshing native plugins compatible for Editor in 0.37 ms, found 0 plugins.
Preloading 0 native plugins for Editor in 0.00 ms.
Unloading 1220 Unused Serialized files (Serialized files now loaded: 0)
System memory in use before: 67.1 MB.
System memory in use after: 66.8 MB.

Unloading 7 unused Assets to reduce memory usage. Loaded Objects now: 1696.
Total: 2.785591 ms (FindLiveObjects: 0.237439 ms CreateObjectMapping: 0.105600 ms MarkObjects: 1.976314 ms  DeleteObjects: 0.463999 ms)

AssetImportWorkerClient::OnTransportError - code=2 error=End of file
